#
# A fatal error has been detected by the Java Runtime Environment:
#
#  EXCEPTION_ACCESS_VIOLATION (0xc0000005) at pc=0x00007ffbf37c2f6f, pid=1316, tid=0x0000000000002d2c
#
# JRE version: Java(TM) SE Runtime Environment (8.0_144-b01) (build 1.8.0_144-b01)
# Java VM: Java HotSpot(TM) 64-Bit Server VM (25.144-b01 mixed mode windows-amd64 compressed oops)
# Problematic frame:
# C  [msvcrt.dll+0x72f6f]
#
# Failed to write core dump. Minidumps are not enabled by default on client versions of Windows
#
# If you would like to submit a bug report, please visit:
#   http://bugreport.java.com/bugreport/crash.jsp
# The crash happened outside the Java Virtual Machine in native code.
# See problematic frame for where to report the bug.
#

---------------  T H R E A D  ---------------

Current thread (0x000000001b4cf000):  JavaThread "LWJGL Application" [_thread_in_native, id=11564, stack(0x000000001dc60000,0x000000001dd60000)]

siginfo: ExceptionCode=0xc0000005, writing address 0x000000001d517000

Registers:
RAX=0x00000000d6da6b40, RBX=0x000000001b4cf1f8, RCX=0x000000001d517020, RDX=0x00000000b9890a40
RSP=0x000000001dd5ecc8, RBP=0x000000001d516100, RSI=0x000000001dd5ed60, RDI=0x00000000d6da6b40
R8 =0x0000000000000010, R9 =0x0000000000000039, R10=0x000000000000000c, R11=0x000000001d516100
R12=0x0000000000000000, R13=0x000000000000058c, R14=0x000000001dd5ed90, R15=0x000000001b4cf000
RIP=0x00007ffbf37c2f6f, EFLAGS=0x0000000000010202

Top of Stack: (sp=0x000000001dd5ecc8)
0x000000001dd5ecc8:   0000000065583a34 000000001b4cf1f8
0x000000001dd5ecd8:   000000001d516100 000000001dd5ed60
0x000000001dd5ece8:   0000000027e6d9d8 0000000018c7bcd8
0x000000001dd5ecf8:   0000000000000148 00000000d6d9f538
0x000000001dd5ed08:   0000000000000000 000000001dd5eda0
0x000000001dd5ed18:   0000000000000000 000000001dd5f220
0x000000001dd5ed28:   0000000004a1f2ae 0000000000000000
0x000000001dd5ed38:   0000000000000000 0000000000000000
0x000000001dd5ed48:   0000000000000000 000000000000058c
0x000000001dd5ed58:   0000000000000000 00000000d6da6b30
0x000000001dd5ed68:   00000000d6d9f538 00000000260bb9c0
0x000000001dd5ed78:   00007ffbaf8a4451 0000000000000000
0x000000001dd5ed88:   0000000000000000 00000000d6d05c20
0x000000001dd5ed98:   0000000002aed400 000000001dd5f270
0x000000001dd5eda8:   0000000004a1fa1c 000000001df45e00
0x000000001dd5edb8:   0000000000000001 000000001dec0080 

Instructions: (pc=0x00007ffbf37c2f6f)
0x00007ffbf37c2f4f:   49 81 f9 00 20 00 00 0f 87 76 00 00 00 49 83 e0
0x00007ffbf37c2f5f:   1f f3 0f 6f 04 0a f3 0f 6f 4c 0a 10 48 83 c1 20
0x00007ffbf37c2f6f:   66 0f 7f 41 e0 66 0f 7f 49 f0 49 ff c9 75 e2 e9
0x00007ffbf37c2f7f:   4f ff ff ff 66 66 66 66 66 66 66 0f 1f 84 00 00 


Register to memory mapping:

RAX=0x00000000d6da6b40 is an oop

[error occurred during error reporting (printing register info), id 0xc0000005]

Stack: [0x000000001dc60000,0x000000001dd60000],  sp=0x000000001dd5ecc8,  free space=1019k
Native frames: (J=compiled Java code, j=interpreted, Vv=VM code, C=native code)
C  [msvcrt.dll+0x72f6f]
C  [gdx64.dll+0x3a34]
C  0x0000000004a1f2ae

Java frames: (J=compiled Java code, j=interpreted, Vv=VM code)
J 848  com.badlogic.gdx.utils.BufferUtils.copyJni([FLjava/nio/Buffer;II)V (0 bytes) @ 0x0000000004a1f230 [0x0000000004a1f1c0+0x70]
J 847 C1 com.badlogic.gdx.utils.BufferUtils.copy([FLjava/nio/Buffer;II)V (45 bytes) @ 0x0000000004a1fa1c [0x0000000004a1f5c0+0x45c]
J 873 C1 com.badlogic.gdx.graphics.glutils.VertexArray.setVertices([FII)V (29 bytes) @ 0x0000000004a310f4 [0x0000000004a31060+0x94]
J 870 C1 com.badlogic.gdx.graphics.g2d.SpriteBatch.flush()V (193 bytes) @ 0x0000000004a2d44c [0x0000000004a2cf00+0x54c]
J 1006 C1 com.badlogic.gdx.graphics.g2d.SpriteBatch.end()V (90 bytes) @ 0x0000000004aa0884 [0x0000000004aa0780+0x104]
J 840 C1 ch.hevs.gdx2d.lib.GdxGraphics.checkMode(Lch/hevs/gdx2d/lib/GdxGraphics$RenderingMode;)V (230 bytes) @ 0x0000000004a1b65c [0x0000000004a1b360+0x2fc]
j  ch.hevs.gdx2d.lib.GdxGraphics.end()V+4
j  ch.hevs.gdx2d.desktop.Game2D.render()V+19
j  com.badlogic.gdx.backends.lwjgl.LwjglApplication.mainLoop()V+698
j  com.badlogic.gdx.backends.lwjgl.LwjglApplication$1.run()V+27
v  ~StubRoutines::call_stub

---------------  P R O C E S S  ---------------

Java Threads: ( => current thread )
  0x000000001b96d800 JavaThread "AWT-EventQueue-0" [_thread_in_native, id=15344, stack(0x000000002c4c0000,0x000000002c5c0000)]
  0x000000002b412000 JavaThread "AWT-Shutdown" [_thread_blocked, id=16832, stack(0x000000002c3c0000,0x000000002c4c0000)]
  0x000000001b6cb800 JavaThread "LWJGL Timer" daemon [_thread_blocked, id=10572, stack(0x0000000028ae0000,0x0000000028be0000)]
=>0x000000001b4cf000 JavaThread "LWJGL Application" [_thread_in_native, id=11564, stack(0x000000001dc60000,0x000000001dd60000)]
  0x0000000004620800 JavaThread "DestroyJavaVM" [_thread_blocked, id=11108, stack(0x00000000044d0000,0x00000000045d0000)]
  0x000000001b01f000 JavaThread "AWT-Windows" daemon [_thread_in_native, id=13816, stack(0x000000001bde0000,0x000000001bee0000)]
  0x000000001b423800 JavaThread "Java2D Disposer" daemon [_thread_blocked, id=12172, stack(0x000000001bbe0000,0x000000001bce0000)]
  0x000000001aca8800 JavaThread "Service Thread" daemon [_thread_blocked, id=10992, stack(0x000000001b080000,0x000000001b180000)]
  0x0000000019219800 JavaThread "C1 CompilerThread2" daemon [_thread_blocked, id=8928, stack(0x000000001ab80000,0x000000001ac80000)]
  0x0000000019212800 JavaThread "C2 CompilerThread1" daemon [_thread_blocked, id=980, stack(0x000000001aa80000,0x000000001ab80000)]
  0x000000001920f800 JavaThread "C2 CompilerThread0" daemon [_thread_blocked, id=4612, stack(0x000000001a980000,0x000000001aa80000)]
  0x000000001920c000 JavaThread "Attach Listener" daemon [_thread_blocked, id=8280, stack(0x000000001a880000,0x000000001a980000)]
  0x000000001920b000 JavaThread "Signal Dispatcher" daemon [_thread_blocked, id=8960, stack(0x000000001a780000,0x000000001a880000)]
  0x000000000471c000 JavaThread "Finalizer" daemon [_thread_blocked, id=904, stack(0x000000001a460000,0x000000001a560000)]
  0x0000000004711000 JavaThread "Reference Handler" daemon [_thread_blocked, id=12652, stack(0x000000001a360000,0x000000001a460000)]

Other Threads:
  0x00000000191d8000 VMThread [stack: 0x000000001a260000,0x000000001a360000] [id=6800]
  0x000000001926e800 WatcherThread [stack: 0x000000001b2e0000,0x000000001b3e0000] [id=11488]

VM state:not at safepoint (normal execution)

VM Mutex/Monitor currently owned by a thread: None

Heap:
 PSYoungGen      total 37888K, used 19923K [0x00000000d6000000, 0x00000000d8a00000, 0x0000000100000000)
  eden space 32768K, 60% used [0x00000000d6000000,0x00000000d7374c48,0x00000000d8000000)
  from space 5120K, 0% used [0x00000000d8500000,0x00000000d8500000,0x00000000d8a00000)
  to   space 5120K, 0% used [0x00000000d8000000,0x00000000d8000000,0x00000000d8500000)
 ParOldGen       total 86016K, used 0K [0x0000000082000000, 0x0000000087400000, 0x00000000d6000000)
  object space 86016K, 0% used [0x0000000082000000,0x0000000082000000,0x0000000087400000)
 Metaspace       used 13265K, capacity 13513K, committed 13568K, reserved 1060864K
  class space    used 1448K, capacity 1518K, committed 1536K, reserved 1048576K

Card table byte_map: [0x0000000013ae0000,0x0000000013ee0000] byte_map_base: 0x00000000136d0000

Marking Bits: (ParMarkBitMap*) 0x000000007380d850
 Begin Bits: [0x0000000014580000, 0x0000000016500000)
 End Bits:   [0x0000000016500000, 0x0000000018480000)

Polling page: 0x0000000002c80000

CodeCache: size=245760Kb used=3789Kb max_used=3789Kb free=241970Kb
 bounds [0x0000000004720000, 0x0000000004ae0000, 0x0000000013720000]
 total_blobs=1673 nmethods=1025 adapters=561
 compilation: enabled

Compilation events (10 events):
Event: 8.767 Thread 0x0000000019212800 nmethod 1014 0x0000000004a9c150 code [0x0000000004a9c280, 0x0000000004a9c318]
Event: 8.916 Thread 0x000000001920f800 1015       4       com.badlogic.gdx.utils.Array::get (54 bytes)
Event: 8.917 Thread 0x000000001920f800 nmethod 1015 0x0000000004a9bad0 code [0x0000000004a9bc00, 0x0000000004a9bcb8]
Event: 8.933 Thread 0x0000000019219800 1016       3       java.security.AccessControlContext::combine (205 bytes)
Event: 8.934 Thread 0x0000000019219800 nmethod 1016 0x0000000004a9c850 code [0x0000000004a9ca40, 0x0000000004a9d538]
Event: 8.934 Thread 0x0000000019219800 1017       1       java.awt.Component::getObjectLock (5 bytes)
Event: 8.934 Thread 0x0000000019219800 nmethod 1017 0x0000000004a9c590 code [0x0000000004a9c6e0, 0x0000000004a9c7f0]
Event: 8.937 Thread 0x0000000019219800 1018       1       java.awt.Color::getRGB (5 bytes)
Event: 8.937 Thread 0x0000000019219800 nmethod 1018 0x0000000004a9a490 code [0x0000000004a9a5e0, 0x0000000004a9a6f0]
Event: 8.944 Thread 0x0000000019219800 1020       3       java.security.AccessControlContext::calculateFields (89 bytes)

GC Heap History (0 events):
No events

Deoptimization events (4 events):
Event: 0.231 Thread 0x0000000004620800 Uncommon trap: reason=null_check action=make_not_entrant pc=0x000000000488e278 method=java.lang.String.equals(Ljava/lang/Object;)Z @ 8
Event: 2.167 Thread 0x000000001b05f000 Uncommon trap: reason=unstable_if action=reinterpret pc=0x00000000048f89fc method=java.lang.String.indexOf([CII[CIII)I @ 3
Event: 2.796 Thread 0x000000001b4cf000 Uncommon trap: reason=unstable_if action=reinterpret pc=0x00000000049291f8 method=java.lang.String.<init>([CII)V @ 18
Event: 2.839 Thread 0x000000001b4cf000 Uncommon trap: reason=unstable_if action=reinterpret pc=0x00000000049b7a14 method=java.nio.charset.CoderResult.isUnderflow()Z @ 4

Internal exceptions (10 events):
Event: 0.151 Thread 0x0000000004620800 Exception <a 'java/lang/NoSuchFieldError': method resolution failed> (0x00000000d6252e30) thrown at [C:\re\workspace\8-2-build-windows-amd64-cygwin\jdk8u144\9417\hotspot\src\share\vm\prims\methodHandles.cpp, line 1146]
Event: 0.153 Thread 0x0000000004620800 Exception <a 'java/lang/NoSuchFieldError': method resolution failed> (0x00000000d6260200) thrown at [C:\re\workspace\8-2-build-windows-amd64-cygwin\jdk8u144\9417\hotspot\src\share\vm\prims\methodHandles.cpp, line 1146]
Event: 0.215 Thread 0x0000000004620800 Exception <a 'java/io/FileNotFoundException'> (0x00000000d63095a0) thrown at [C:\re\workspace\8-2-build-windows-amd64-cygwin\jdk8u144\9417\hotspot\src\share\vm\prims\jni.cpp, line 709]
Event: 0.231 Thread 0x0000000004620800 Implicit null exception at 0x000000000488e0a2 to 0x000000000488e269
Event: 2.337 Thread 0x000000001b05f000 Exception <a 'java/security/PrivilegedActionException'> (0x00000000d682fc70) thrown at [C:\re\workspace\8-2-build-windows-amd64-cygwin\jdk8u144\9417\hotspot\src\share\vm\prims\jvm.cpp, line 1390]
Event: 2.337 Thread 0x000000001b05f000 Exception <a 'java/security/PrivilegedActionException'> (0x00000000d6831bf0) thrown at [C:\re\workspace\8-2-build-windows-amd64-cygwin\jdk8u144\9417\hotspot\src\share\vm\prims\jvm.cpp, line 1390]
Event: 2.337 Thread 0x000000001b05f000 Exception <a 'java/security/PrivilegedActionException'> (0x00000000d68330e0) thrown at [C:\re\workspace\8-2-build-windows-amd64-cygwin\jdk8u144\9417\hotspot\src\share\vm\prims\jvm.cpp, line 1390]
Event: 2.337 Thread 0x000000001b05f000 Exception <a 'java/security/PrivilegedActionException'> (0x00000000d68385d0) thrown at [C:\re\workspace\8-2-build-windows-amd64-cygwin\jdk8u144\9417\hotspot\src\share\vm\prims\jvm.cpp, line 1390]
Event: 2.337 Thread 0x000000001b05f000 Exception <a 'java/security/PrivilegedActionException'> (0x00000000d68395f8) thrown at [C:\re\workspace\8-2-build-windows-amd64-cygwin\jdk8u144\9417\hotspot\src\share\vm\prims\jvm.cpp, line 1390]
Event: 2.337 Thread 0x000000001b05f000 Exception <a 'java/security/PrivilegedActionException'> (0x00000000d683a5f0) thrown at [C:\re\workspace\8-2-build-windows-amd64-cygwin\jdk8u144\9417\hotspot\src\share\vm\prims\jvm.cpp, line 1390]

Events (10 events):
Event: 5.251 loading class com/badlogic/gdx/backends/lwjgl/LwjglInput$KeyEvent
Event: 5.251 loading class com/badlogic/gdx/backends/lwjgl/LwjglInput$KeyEvent done
Event: 8.934 Thread 0x000000002b412000 Thread added: 0x000000002b412000
Event: 8.934 Executing VM operation: RevokeBias
Event: 8.934 Executing VM operation: RevokeBias done
Event: 8.936 Thread 0x000000001b96d800 Thread added: 0x000000001b96d800
Event: 8.936 Executing VM operation: RevokeBias
Event: 8.936 Executing VM operation: RevokeBias done
Event: 8.937 Executing VM operation: RevokeBias
Event: 8.937 Executing VM operation: RevokeBias done


Dynamic libraries:
0x00007ff7d5970000 - 0x00007ff7d59a7000 	C:\Program Files\Java\jre1.8.0_144\bin\javaw.exe
0x00007ffbf4d80000 - 0x00007ffbf4f60000 	C:\WINDOWS\SYSTEM32\ntdll.dll
0x00007ffbd2650000 - 0x00007ffbd2684000 	C:\Program Files\AVAST Software\Avast\x64\aswhooka.dll
0x00007ffbf23e0000 - 0x00007ffbf248e000 	C:\WINDOWS\System32\KERNEL32.DLL
0x00007ffbf17f0000 - 0x00007ffbf1a56000 	C:\WINDOWS\System32\KERNELBASE.dll
0x00007ffbf4c60000 - 0x00007ffbf4d01000 	C:\WINDOWS\System32\ADVAPI32.dll
0x00007ffbf3750000 - 0x00007ffbf37ed000 	C:\WINDOWS\System32\msvcrt.dll
0x00007ffbf2e30000 - 0x00007ffbf2e8b000 	C:\WINDOWS\System32\sechost.dll
0x00007ffbf3330000 - 0x00007ffbf344f000 	C:\WINDOWS\System32\RPCRT4.dll
0x00007ffbf2850000 - 0x00007ffbf29df000 	C:\WINDOWS\System32\USER32.dll
0x00007ffbf1400000 - 0x00007ffbf1420000 	C:\WINDOWS\System32\win32u.dll
0x00007ffbf4c30000 - 0x00007ffbf4c58000 	C:\WINDOWS\System32\GDI32.dll
0x00007ffbf1480000 - 0x00007ffbf1613000 	C:\WINDOWS\System32\gdi32full.dll
0x00007ffbf1a60000 - 0x00007ffbf1afb000 	C:\WINDOWS\System32\msvcp_win.dll
0x00007ffbf1620000 - 0x00007ffbf1716000 	C:\WINDOWS\System32\ucrtbase.dll
0x00007ffbdcfd0000 - 0x00007ffbdd239000 	C:\WINDOWS\WinSxS\amd64_microsoft.windows.common-controls_6595b64144ccf1df_6.0.16299.431_none_15c7d3ee93659e73\COMCTL32.dll
0x00007ffbf2540000 - 0x00007ffbf2848000 	C:\WINDOWS\System32\combase.dll
0x00007ffbf1770000 - 0x00007ffbf17e2000 	C:\WINDOWS\System32\bcryptPrimitives.dll
0x00007ffbf4d20000 - 0x00007ffbf4d4d000 	C:\WINDOWS\System32\IMM32.DLL
0x0000000072e30000 - 0x0000000072f02000 	C:\Program Files\Java\jre1.8.0_144\bin\msvcr100.dll
0x0000000072ff0000 - 0x000000007388d000 	C:\Program Files\Java\jre1.8.0_144\bin\server\jvm.dll
0x00007ffbf3740000 - 0x00007ffbf3748000 	C:\WINDOWS\System32\PSAPI.DLL
0x00007ffbdde90000 - 0x00007ffbdde99000 	C:\WINDOWS\SYSTEM32\WSOCK32.dll
0x00007ffbf32c0000 - 0x00007ffbf332c000 	C:\WINDOWS\System32\WS2_32.dll
0x00007ffbe71b0000 - 0x00007ffbe71d3000 	C:\WINDOWS\SYSTEM32\WINMM.dll
0x00007ffbde830000 - 0x00007ffbde83a000 	C:\WINDOWS\SYSTEM32\VERSION.dll
0x00007ffbe7140000 - 0x00007ffbe716a000 	C:\WINDOWS\SYSTEM32\WINMMBASE.dll
0x00007ffbf1720000 - 0x00007ffbf176a000 	C:\WINDOWS\System32\cfgmgr32.dll
0x0000000072fe0000 - 0x0000000072fef000 	C:\Program Files\Java\jre1.8.0_144\bin\verify.dll
0x0000000072fb0000 - 0x0000000072fd9000 	C:\Program Files\Java\jre1.8.0_144\bin\java.dll
0x0000000072f90000 - 0x0000000072fa6000 	C:\Program Files\Java\jre1.8.0_144\bin\zip.dll
0x00007ffbf37f0000 - 0x00007ffbf4c28000 	C:\WINDOWS\System32\SHELL32.dll
0x00007ffbf2330000 - 0x00007ffbf23d6000 	C:\WINDOWS\System32\shcore.dll
0x00007ffbf1b00000 - 0x00007ffbf2247000 	C:\WINDOWS\System32\windows.storage.dll
0x00007ffbf22d0000 - 0x00007ffbf2321000 	C:\WINDOWS\System32\shlwapi.dll
0x00007ffbf1140000 - 0x00007ffbf1151000 	C:\WINDOWS\System32\kernel.appcore.dll
0x00007ffbf10d0000 - 0x00007ffbf111c000 	C:\WINDOWS\System32\powrprof.dll
0x00007ffbf1160000 - 0x00007ffbf117b000 	C:\WINDOWS\System32\profapi.dll
0x0000000072c90000 - 0x0000000072e28000 	C:\Program Files\Java\jre1.8.0_144\bin\awt.dll
0x00007ffbf2e90000 - 0x00007ffbf2f55000 	C:\WINDOWS\System32\OLEAUT32.dll
0x00007ffbee950000 - 0x00007ffbee9d8000 	C:\WINDOWS\SYSTEM32\apphelp.dll
0x00007ffbeea80000 - 0x00007ffbeeb15000 	C:\WINDOWS\system32\uxtheme.dll
0x00007ffbf2fe0000 - 0x00007ffbf3147000 	C:\WINDOWS\System32\MSCTF.dll
0x00007ffbeede0000 - 0x00007ffbeee0a000 	C:\WINDOWS\system32\dwmapi.dll
0x00007ffbf35f0000 - 0x00007ffbf3739000 	C:\WINDOWS\System32\ole32.dll
0x00007ffbe09c0000 - 0x00007ffbe0ade000 	C:\WINDOWS\system32\opengl32.dll
0x00007ffbec000000 - 0x00007ffbec02c000 	C:\WINDOWS\SYSTEM32\GLU32.dll
0x0000000072c40000 - 0x0000000072c87000 	C:\Program Files\Java\jre1.8.0_144\bin\fontmanager.dll
0x00007ffbe4dd0000 - 0x00007ffbe4e68000 	C:\WINDOWS\System32\TextInputFramework.dll
0x00007ffbe59a0000 - 0x00007ffbe5c8e000 	C:\WINDOWS\System32\CoreUIComponents.dll
0x00007ffbedcb0000 - 0x00007ffbedd8c000 	C:\WINDOWS\System32\CoreMessaging.dll
0x00007ffbf0200000 - 0x00007ffbf0231000 	C:\WINDOWS\SYSTEM32\ntmarta.dll
0x00007ffbece20000 - 0x00007ffbecf56000 	C:\WINDOWS\SYSTEM32\wintypes.dll
0x0000000072f70000 - 0x0000000072f8a000 	C:\Program Files\Java\jre1.8.0_144\bin\net.dll
0x00007ffbf0960000 - 0x00007ffbf09c6000 	C:\WINDOWS\system32\mswsock.dll
0x0000000072f50000 - 0x0000000072f61000 	C:\Program Files\Java\jre1.8.0_144\bin\nio.dll
0x0000000072bf0000 - 0x0000000072c32000 	C:\Program Files\Java\jre1.8.0_144\bin\t2k.dll
0x0000000065580000 - 0x0000000065616000 	C:\Users\codi\AppData\Local\Temp\libgdxMarc\12dfaa03\gdx64.dll
0x00007ffbf0b20000 - 0x00007ffbf0b37000 	C:\WINDOWS\SYSTEM32\CRYPTSP.dll
0x00007ffbf0560000 - 0x00007ffbf0593000 	C:\WINDOWS\system32\rsaenh.dll
0x00007ffbf0c30000 - 0x00007ffbf0c55000 	C:\WINDOWS\SYSTEM32\bcrypt.dll
0x00007ffbf1000000 - 0x00007ffbf1029000 	C:\WINDOWS\SYSTEM32\USERENV.dll
0x00007ffbf0b40000 - 0x00007ffbf0b4b000 	C:\WINDOWS\SYSTEM32\CRYPTBASE.dll
0x00007ffbf06f0000 - 0x00007ffbf0729000 	C:\WINDOWS\SYSTEM32\IPHLPAPI.DLL
0x00007ffbf2530000 - 0x00007ffbf2538000 	C:\WINDOWS\System32\NSI.dll
0x00007ffbea110000 - 0x00007ffbea126000 	C:\WINDOWS\SYSTEM32\dhcpcsvc6.DLL
0x00007ffbeac90000 - 0x00007ffbeacaa000 	C:\WINDOWS\SYSTEM32\dhcpcsvc.DLL
0x0000000180000000 - 0x0000000180053000 	C:\Users\codi\AppData\Local\Temp\libgdxMarc\dc0f0009\lwjgl64.dll
0x000000001d810000 - 0x000000001d874000 	C:\Users\codi\AppData\Local\Temp\libgdxMarc\dc0f0009\OpenAL64.dll
0x00007ffbf2490000 - 0x00007ffbf252e000 	C:\WINDOWS\System32\clbcatq.dll
0x00007ffbe9ae0000 - 0x00007ffbe9b4f000 	C:\WINDOWS\System32\MMDevApi.dll
0x00007ffbf0ee0000 - 0x00007ffbf0f07000 	C:\WINDOWS\System32\DEVOBJ.dll
0x00007ffbeb960000 - 0x00007ffbebb11000 	C:\WINDOWS\System32\PROPSYS.dll
0x00007ffbc36d0000 - 0x00007ffbc375f000 	C:\WINDOWS\SYSTEM32\dsound.dll
0x00007ffbd8640000 - 0x00007ffbd8762000 	C:\WINDOWS\SYSTEM32\AUDIOSES.DLL
0x00007ffbecc00000 - 0x00007ffbecc0a000 	C:\WINDOWS\SYSTEM32\AVRT.dll
0x00007ffbaf850000 - 0x00007ffbb0729000 	C:\WINDOWS\System32\DriverStore\FileRepository\ki123795.inf_amd64_37d718abcca0278a\ig9icd64.dll
0x00007ffbef5e0000 - 0x00007ffbef5f3000 	C:\WINDOWS\SYSTEM32\WTSAPI32.dll
0x00007ffbeff30000 - 0x00007ffbeffdf000 	C:\WINDOWS\SYSTEM32\dxgi.dll
0x00007ffbe1740000 - 0x00007ffbe2d42000 	C:\WINDOWS\System32\DriverStore\FileRepository\ki123795.inf_amd64_37d718abcca0278a\igc64.dll
0x00007ffbe6250000 - 0x00007ffbe62e7000 	C:\WINDOWS\SYSTEM32\mscms.dll
0x00007ffbe7d40000 - 0x00007ffbe7d81000 	C:\WINDOWS\SYSTEM32\icm32.dll
0x000000006a740000 - 0x000000006a7f1000 	C:\Users\codi\AppData\Local\Temp\libgdxMarc\a04a55a\gdx-freetype64.dll
0x0000000068900000 - 0x0000000068a54000 	C:\Users\codi\AppData\Local\Temp\libgdxMarc\db0e5263\gdx-controllers-desktop64.dll
0x00007ffbe7cf0000 - 0x00007ffbe7d33000 	C:\WINDOWS\SYSTEM32\DINPUT8.dll
0x00007ffbe1710000 - 0x00007ffbe173e000 	C:\WINDOWS\SYSTEM32\inputhost.dll
0x00007ffbefbf0000 - 0x00007ffbefbfc000 	C:\WINDOWS\SYSTEM32\HID.DLL
0x00007ffbf29e0000 - 0x00007ffbf2e2e000 	C:\WINDOWS\System32\SETUPAPI.DLL
0x00007ffbf1420000 - 0x00007ffbf1478000 	C:\WINDOWS\System32\WINTRUST.dll
0x00007ffbf1120000 - 0x00007ffbf1132000 	C:\WINDOWS\System32\MSASN1.dll
0x00007ffbf1180000 - 0x00007ffbf134e000 	C:\WINDOWS\System32\CRYPT32.dll
0x00007ffbefca0000 - 0x00007ffbefe68000 	C:\WINDOWS\SYSTEM32\dbghelp.dll

VM Arguments:
jvm_args: -Dfile.encoding=Cp1252 
java_command: game.GameCode
java_class_path (initial): C:\Users\codi\git\SpaceGame-1\bin;C:\Users\codi\git\SpaceGame-1\libs\gdx2d-desktop-1.2.2.jar;C:\Users\codi\git\SpaceGame-1\libs\gdx2d-desktop-1.2.2-sources.jar
Launcher Type: SUN_STANDARD

Environment Variables:
PATH=C:/Program Files/Java/jre1.8.0_144/bin/server;C:/Program Files/Java/jre1.8.0_144/bin;C:/Program Files/Java/jre1.8.0_144/lib/amd64;C:\ProgramData\Oracle\Java\javapath;C:\Program Files (x86)\Intel\iCLS Client\;C:\Program Files\Intel\iCLS Client\;C:\WINDOWS\system32;C:\WINDOWS;C:\WINDOWS\System32\Wbem;C:\WINDOWS\System32\WindowsPowerShell\v1.0\;C:\Program Files\Lenovo\Fingerprint Manager Pro\;C:\Program Files (x86)\Common Files\Lenovo;C:\ProgramData\Lenovo\ReadyApps;C:\Program Files (x86)\Intel\Intel(R) Management Engine Components\DAL;C:\Program Files\Intel\Intel(R) Management Engine Components\DAL;C:\Program Files (x86)\Intel\Intel(R) Management Engine Components\IPT;C:\Program Files\Intel\Intel(R) Management Engine Components\IPT;C:\Program Files (x86)\Lenovo\Access Connections\;C:\Program Files\Novell\iPrint;C:\Program Files\Intel\WiFi\bin\;C:\Program Files\Common Files\Intel\WirelessCommon\;C:\Users\codi\AppData\Local\Microsoft\WindowsApps;C:\Users\codi\AppData\Local\GitHubDesktop\bin;C:\Program Files\Intel\WiFi\bin\;C:\Program Files\Common Files\Intel\WirelessCommon\;C:\Users\codi\Downloads\eclipse-java-mars-R-win32-x86_64\eclipse;
USERNAME=Marc
OS=Windows_NT
PROCESSOR_IDENTIFIER=Intel64 Family 6 Model 78 Stepping 3, GenuineIntel



---------------  S Y S T E M  ---------------

OS: Windows 10.0 , 64 bit Build 16299 (10.0.16299.431)

CPU:total 4 (initial active 4) (2 cores per cpu, 2 threads per core) family 6 model 78 stepping 3, cmov, cx8, fxsr, mmx, sse, sse2, sse3, ssse3, sse4.1, sse4.2, popcnt, avx, avx2, aes, clmul, erms, 3dnowpref, lzcnt, ht, tsc, tscinvbit, bmi1, bmi2, adx

Memory: 4k page, physical 8257112k(4225780k free), swap 16645720k(11607816k free)

vm_info: Java HotSpot(TM) 64-Bit Server VM (25.144-b01) for windows-amd64 JRE (1.8.0_144-b01), built on Jul 21 2017 21:57:33 by "java_re" with MS VC++ 10.0 (VS2010)

time: Sun Jun 10 15:13:13 2018
elapsed time: 8 seconds (0d 0h 0m 8s)

